Using pre-set license
Built from '2021.1/staging' branch; Version is '2021.1.17f1 (03b40fe07a36) revision 242703'; Using compiler version '192528614'; Build Type 'Release'
OS: 'Windows 10 Home; OS build 19045.4291; Version 2009; 64bit' Language: 'en' Physical Memory: 16269 MB
BatchMode: 1, IsHumanControllingUs: 0, StartBugReporterOnCrash: 0, Is64bit: 1, IsPro: 0

 COMMAND LINE ARGUMENTS:
C:\Program Files\Unity\2021.1.17f1\Editor\Unity.exe
-adb2
-batchMode
-noUpm
-name
AssetImportWorker0
-projectPath
E:/2D Farming RPG
-logFile
Logs/AssetImportWorker0.log
-srvPort
64944
Successfully changed project path to: E:/2D Farming RPG
E:/2D Farming RPG
Using Asset Import Pipeline V2.
Refreshing native plugins compatible for Editor in 98.49 ms, found 3 plugins.
Preloading 0 native plugins for Editor in 0.00 ms.
Initialize engine version: 2021.1.17f1 (03b40fe07a36)
[Subsystems] Discovering subsystems at path C:/Program Files/Unity/2021.1.17f1/Editor/Data/Resources/UnitySubsystems
[Subsystems] Discovering subsystems at path E:/2D Farming RPG/Assets
GfxDevice: creating device client; threaded=0; jobified=0
Direct3D:
    Version:  Direct3D 11.0 [level 11.1]
    Renderer: NVIDIA GeForce GTX 1060 (ID=0x1c20)
    Vendor:   NVIDIA
    VRAM:     2987 MB
    Driver:   24.21.13.9901
Initialize mono
Mono path[0] = 'C:/Program Files/Unity/2021.1.17f1/Editor/Data/Managed'
Mono path[1] = 'C:/Program Files/Unity/2021.1.17f1/Editor/Data/MonoBleedingEdge/lib/mono/unityjit'
Mono config path = 'C:/Program Files/Unity/2021.1.17f1/Editor/Data/MonoBleedingEdge/etc'
Using monoOptions --debugger-agent=transport=dt_socket,embedding=1,server=y,suspend=n,address=127.0.0.1:56312
Begin MonoManager ReloadAssembly
Registering precompiled unity dll's ...
Register platform support module: C:/Program Files/Unity/2021.1.17f1/Editor/Data/PlaybackEngines/WebGLSupport/UnityEditor.WebGL.Extensions.dll
Register platform support module: C:/Program Files/Unity/2021.1.17f1/Editor/Data/PlaybackEngines/WindowsStandaloneSupport/UnityEditor.WindowsStandalone.Extensions.dll
Register platform support module: C:/Program Files/Unity/2021.1.17f1/Editor/Data/PlaybackEngines/LinuxStandaloneSupport/UnityEditor.LinuxStandalone.Extensions.dll
Registered in 0.004928 seconds.
Native extension for LinuxStandalone target not found
Native extension for WindowsStandalone target not found
Native extension for WebGL target not found
Refreshing native plugins compatible for Editor in 97.71 ms, found 3 plugins.
Preloading 0 native plugins for Editor in 0.00 ms.
Mono: successfully reloaded assembly
- Completed reload, in  4.327 seconds
Domain Reload Profiling:
	ReloadAssembly (4328ms)
		BeginReloadAssembly (111ms)
			ExecutionOrderSort (0ms)
			DisableScriptedObjects (0ms)
			BackupInstance (0ms)
			ReleaseScriptingObjects (0ms)
			CreateAndSetChildDomain (1ms)
		EndReloadAssembly (588ms)
			LoadAssemblies (106ms)
			RebuildTransferFunctionScriptingTraits (0ms)
			SetupTypeCache (213ms)
			ReleaseScriptCaches (0ms)
			RebuildScriptCaches (30ms)
			SetupLoadedEditorAssemblies (288ms)
				LogAssemblyErrors (0ms)
				InitializePlatformSupportModulesInManaged (10ms)
				SetLoadedEditorAssemblies (0ms)
				RefreshPlugins (98ms)
				BeforeProcessingInitializeOnLoad (1ms)
				ProcessInitializeOnLoadAttributes (126ms)
				ProcessInitializeOnLoadMethodAttributes (52ms)
				AfterProcessingInitializeOnLoad (0ms)
				EditorAssembliesLoaded (0ms)
			ExecutionOrderSort2 (0ms)
			AwakeInstancesAfterBackupRestoration (0ms)
Platform modules already initialized, skipping
Registering precompiled user dll's ...
Registered in 0.005267 seconds.
Begin MonoManager ReloadAssembly
Native extension for LinuxStandalone target not found
Native extension for WindowsStandalone target not found
Native extension for WebGL target not found
Refreshing native plugins compatible for Editor in 113.55 ms, found 3 plugins.
Preloading 0 native plugins for Editor in 0.00 ms.
Mono: successfully reloaded assembly
- Completed reload, in  1.824 seconds
Domain Reload Profiling:
	ReloadAssembly (1824ms)
		BeginReloadAssembly (304ms)
			ExecutionOrderSort (0ms)
			DisableScriptedObjects (4ms)
			BackupInstance (0ms)
			ReleaseScriptingObjects (0ms)
			CreateAndSetChildDomain (35ms)
		EndReloadAssembly (1445ms)
			LoadAssemblies (167ms)
			RebuildTransferFunctionScriptingTraits (0ms)
			SetupTypeCache (428ms)
			ReleaseScriptCaches (1ms)
			RebuildScriptCaches (70ms)
			SetupLoadedEditorAssemblies (711ms)
				LogAssemblyErrors (0ms)
				InitializePlatformSupportModulesInManaged (10ms)
				SetLoadedEditorAssemblies (0ms)
				RefreshPlugins (114ms)
				BeforeProcessingInitializeOnLoad (101ms)
				ProcessInitializeOnLoadAttributes (451ms)
				ProcessInitializeOnLoadMethodAttributes (22ms)
				AfterProcessingInitializeOnLoad (12ms)
				EditorAssembliesLoaded (0ms)
			ExecutionOrderSort2 (0ms)
			AwakeInstancesAfterBackupRestoration (8ms)
Platform modules already initialized, skipping
========================================================================
Worker process is ready to serve import requests
Launched and connected shader compiler UnityShaderCompiler.exe after 0.13 seconds
Refreshing native plugins compatible for Editor in 1.20 ms, found 3 plugins.
Preloading 0 native plugins for Editor in 0.00 ms.
Unloading 3492 Unused Serialized files (Serialized files now loaded: 0)
System memory in use before: 151.5 MB.
System memory in use after: 151.7 MB.

Unloading 29 unused Assets to reduce memory usage. Loaded Objects now: 3951.
Total: 5.325700 ms (FindLiveObjects: 0.433800 ms CreateObjectMapping: 0.261700 ms MarkObjects: 4.475100 ms  DeleteObjects: 0.153900 ms)

AssetImportParameters requested are different than current active one (requested -> active):
  custom:framework-win-MediaFoundation: 216162199b28c13a410421893ffa2e32 -> 
  custom:video-decoder-ogg-theora: a1e56fd34408186e4bbccfd4996cb3dc -> 
  custom:container-muxer-webm: aa71ff27fc2769a1b78a27578f13a17b -> 
  custom:container-demuxer-webm: 4f35f7cbe854078d1ac9338744f61a02 -> 
  custom:container-demuxer-ogg: 62fdf1f143b41e24485cea50d1cbac27 -> 
  custom:video-encoder-webm-vp8: eb34c28f22e8b96e1ab97ce403110664 -> 
  custom:video-decoder-webm-vp8: 9c59270c3fd7afecdb556c50c9e8de78 -> 
  custom:audio-decoder-ogg-vorbis: bf7c407c2cedff20999df2af8eb42d56 -> 
  custom:audio-encoder-webm-vorbis: bf7c407c2cedff20999df2af8eb42d56 -> 
========================================================================
Received Import Request.
  path: Assets/Scripts/Lighting/LightingSchedule.cs
  artifactKey: Guid(d636432f40ec93e47b913aab34da74ce) Importer(815301076,1909f56bfc062723c751e8b465ee728b)
Start importing Assets/Scripts/Lighting/LightingSchedule.cs using Guid(d636432f40ec93e47b913aab34da74ce) Importer(815301076,1909f56bfc062723c751e8b465ee728b)  -> (artifact id: '1e06204609c49c4cd10e6d0b65fe40fe') in 0.341533 seconds 
========================================================================
Received Import Request.
  Time since last request: 0.000296 seconds.
  path: Assets/Scriptable Object Assets
  artifactKey: Guid(fa6c55a9f92630a41a659ddde9b092cf) Importer(815301076,1909f56bfc062723c751e8b465ee728b)
Start importing Assets/Scriptable Object Assets using Guid(fa6c55a9f92630a41a659ddde9b092cf) Importer(815301076,1909f56bfc062723c751e8b465ee728b)  -> (artifact id: '48145c427743d0b9c750389032254143') in 0.586824 seconds 
========================================================================
Received Import Request.
  Time since last request: 12.770482 seconds.
  path: Assets/Scriptable Object Assets/Lighting
  artifactKey: Guid(98b4b750f2e850d42a8a0dd04d000213) Importer(815301076,1909f56bfc062723c751e8b465ee728b)
Start importing Assets/Scriptable Object Assets/Lighting using Guid(98b4b750f2e850d42a8a0dd04d000213) Importer(815301076,1909f56bfc062723c751e8b465ee728b)  -> (artifact id: 'fc9294d6a36707f5ef5ea6f9ef8796f0') in 0.399613 seconds 
========================================================================
Received Import Request.
  Time since last request: 12.135703 seconds.
  path: Assets/Scriptable Object Assets/Lighting/lightingSchedule_.asset
  artifactKey: Guid(7a2b2fddf05efa54aae4da8cc48f2422) Importer(815301076,1909f56bfc062723c751e8b465ee728b)
Start importing Assets/Scriptable Object Assets/Lighting/lightingSchedule_.asset using Guid(7a2b2fddf05efa54aae4da8cc48f2422) Importer(815301076,1909f56bfc062723c751e8b465ee728b)  -> (artifact id: '499c1bc2df96e5ed4370d7e1fffc8ced') in 0.597758 seconds 
========================================================================
Received Import Request.
  Time since last request: 32.374085 seconds.
  path: Assets/Scriptable Object Assets/Lighting/lightingSchedule_OutDoorEnvironment.asset
  artifactKey: Guid(7a2b2fddf05efa54aae4da8cc48f2422) Importer(815301076,1909f56bfc062723c751e8b465ee728b)
Start importing Assets/Scriptable Object Assets/Lighting/lightingSchedule_OutDoorEnvironment.asset using Guid(7a2b2fddf05efa54aae4da8cc48f2422) Importer(815301076,1909f56bfc062723c751e8b465ee728b)  -> (artifact id: '988e536c8666cc89700130d091a7f66f') in 0.009611 seconds 
========================================================================
Received Import Request.
  Time since last request: 732.981566 seconds.
  path: Assets/Scripts/Lighting/LightingControl.cs
  artifactKey: Guid(3a09914e06799a349b54fb06e4b50049) Importer(815301076,1909f56bfc062723c751e8b465ee728b)
Start importing Assets/Scripts/Lighting/LightingControl.cs using Guid(3a09914e06799a349b54fb06e4b50049) Importer(815301076,1909f56bfc062723c751e8b465ee728b)  -> (artifact id: '526662c1e8266148754d2e7a2987a949') in 0.025620 seconds 
========================================================================
Received Import Request.
  Time since last request: 211.035344 seconds.
  path: Assets/Scripts/Lighting/LightingControl.cs
  artifactKey: Guid(3a09914e06799a349b54fb06e4b50049) Importer(815301076,1909f56bfc062723c751e8b465ee728b)
Start importing Assets/Scripts/Lighting/LightingControl.cs using Guid(3a09914e06799a349b54fb06e4b50049) Importer(815301076,1909f56bfc062723c751e8b465ee728b)  -> (artifact id: '532957d671824458ebd974a642e1d8e5') in 0.009716 seconds 
========================================================================
Received Import Request.
  Time since last request: 407.235994 seconds.
  path: Assets/Scripts/TimeSystem/TimeManager.cs
  artifactKey: Guid(9cc4c2516c5d4e84ba134a5f5c768ff2) Importer(815301076,1909f56bfc062723c751e8b465ee728b)
Start importing Assets/Scripts/TimeSystem/TimeManager.cs using Guid(9cc4c2516c5d4e84ba134a5f5c768ff2) Importer(815301076,1909f56bfc062723c751e8b465ee728b)  -> (artifact id: '5d6b89e49d3897a58d4cac5f09cce18c') in 0.014386 seconds 
========================================================================
Received Import Request.
  Time since last request: 25.077002 seconds.
  path: Assets/Scripts/TimeSystem/TimeManager.cs
  artifactKey: Guid(9cc4c2516c5d4e84ba134a5f5c768ff2) Importer(815301076,1909f56bfc062723c751e8b465ee728b)
Start importing Assets/Scripts/TimeSystem/TimeManager.cs using Guid(9cc4c2516c5d4e84ba134a5f5c768ff2) Importer(815301076,1909f56bfc062723c751e8b465ee728b)  -> (artifact id: '37adc36ca2d756d172c77638a3ce79ae') in 0.222127 seconds 
AssetImportWorkerClient::OnTransportError - code=2 error=End of file
